0 info it worked if it ends with ok
1 verbose cli [ '/usr/local/bin/node', '/usr/local/bin/npm', 'run', 'dev' ]
2 info using npm@6.7.0
3 info using node@v11.12.0
4 verbose run-script [ 'predev', 'dev', 'postdev' ]
5 info lifecycle daria_site@1.0.0~predev: daria_site@1.0.0
6 info lifecycle daria_site@1.0.0~dev: daria_site@1.0.0
7 verbose lifecycle daria_site@1.0.0~dev: unsafe-perm in lifecycle true
8 verbose lifecycle daria_site@1.0.0~dev: PATH: /usr/local/lib/node_modules/npm/node_modules/npm-lifecycle/node-gyp-bin:/src/node_modules/.bin:/usr/local/sbin:/usr/local/bin:/usr/sbin:/usr/bin:/sbin:/bin
9 verbose lifecycle daria_site@1.0.0~dev: CWD: /src
10 silly lifecycle daria_site@1.0.0~dev: Args: [ '-c',
10 silly lifecycle   'cross-env NODE_ENV=development nodemon server/index.js --watch server' ]
11 silly lifecycle daria_site@1.0.0~dev: Returned: code: 143  signal: null
12 info lifecycle daria_site@1.0.0~dev: Failed to exec dev script
13 verbose stack Error: daria_site@1.0.0 dev: `cross-env NODE_ENV=development nodemon server/index.js --watch server`
13 verbose stack Exit status 143
13 verbose stack     at EventEmitter.<anonymous> (/usr/local/lib/node_modules/npm/node_modules/npm-lifecycle/index.js:301:16)
13 verbose stack     at EventEmitter.emit (events.js:197:13)
13 verbose stack     at ChildProcess.<anonymous> (/usr/local/lib/node_modules/npm/node_modules/npm-lifecycle/lib/spawn.js:55:14)
13 verbose stack     at ChildProcess.emit (events.js:197:13)
13 verbose stack     at maybeClose (internal/child_process.js:988:16)
13 verbose stack     at Process.ChildProcess._handle.onexit (internal/child_process.js:265:5)
14 verbose pkgid daria_site@1.0.0
15 verbose cwd /src
16 verbose Linux 4.9.93-linuxkit-aufs
17 verbose argv "/usr/local/bin/node" "/usr/local/bin/npm" "run" "dev"
18 verbose node v11.12.0
19 verbose npm  v6.7.0
20 error code ELIFECYCLE
21 error errno 143
22 error daria_site@1.0.0 dev: `cross-env NODE_ENV=development nodemon server/index.js --watch server`
22 error Exit status 143
23 error Failed at the daria_site@1.0.0 dev script.
23 error This is probably not a problem with npm. There is likely additional logging output above.
24 verbose exit [ 143, true ]
